#
# There is insufficient memory for the Java Runtime Environment to continue.
# Native memory allocation (malloc) failed to allocate 1064096 bytes for Chunk::new
# Possible reasons:
#   The system is out of physical RAM or swap space
#   The process is running with CompressedOops enabled, and the Java Heap may be blocking the growth of the native heap
# Possible solutions:
#   Reduce memory load on the system
#   Increase physical memory or swap space
#   Check if swap backing store is full
#   Decrease Java heap size (-Xmx/-Xms)
#   Decrease number of Java threads
#   Decrease Java thread stack sizes (-Xss)
#   Set larger code cache with -XX:ReservedCodeCacheSize=
#   JVM is running with Unscaled Compressed Oops mode in which the Java heap is
#     placed in the first 4GB address space. The Java Heap base address is the
#     maximum limit for the native heap growth. Please use -XX:HeapBaseMinAddress
#     to set the Java Heap base and to place the Java Heap above 4GB virtual address.
# This output file may be truncated or incomplete.
#
#  Out of Memory Error (./src/hotspot/share/memory/arena.cpp:197), pid=30304, tid=30592
#
# JRE version: OpenJDK Runtime Environment (11.0.11+9) (build 11.0.11+9-b60-7590822)
# Java VM: OpenJDK 64-Bit Server VM (11.0.11+9-b60-7590822, mixed mode, tiered, compressed oops, g1 gc, windows-amd64)
# No core dump will be written. Minidumps are not enabled by default on client versions of Windows
#

---------------  S U M M A R Y ------------

Command Line: --add-opens=java.base/java.util=ALL-UNNAMED --add-opens=java.base/java.lang=ALL-UNNAMED --add-opens=java.base/java.lang.invoke=ALL-UNNAMED --add-opens=java.base/java.util=ALL-UNNAMED --add-opens=java.prefs/java.util.prefs=ALL-UNNAMED --add-opens=java.prefs/java.util.prefs=ALL-UNNAMED --add-opens=java.base/java.nio.charset=ALL-UNNAMED --add-opens=java.base/java.net=ALL-UNNAMED --add-opens=java.base/java.util.concurrent.atomic=ALL-UNNAMED -Xmx2048M -Dfile.encoding=windows-1252 -Duser.country=IN -Duser.language=en -Duser.variant org.gradle.launcher.daemon.bootstrap.GradleDaemon 7.2

Host: 12th Gen Intel(R) Core(TM) i5-12400, 12 cores, 7G,  Windows 10 , 64 bit Build 22000 (10.0.22000.708)
Time: Mon Aug  8 16:52:37 2022 India Standard Time elapsed time: 9.542284 seconds (0d 0h 0m 9s)

---------------  T H R E A D  ---------------

Current thread (0x0000023e7dd5a000):  JavaThread "C2 CompilerThread0" daemon [_thread_in_native, id=30592, stack(0x000000a8d0a00000,0x000000a8d0b00000)]


Current CompileTask:
C2:   9542 3726       4       org.objectweb.asm.Frame::execute (2318 bytes)

Stack: [0x000000a8d0a00000,0x000000a8d0b00000]
Native frames: (J=compiled Java code, j=interpreted, Vv=VM code, C=native code)
V  [jvm.dll+0x5f214a]
V  [jvm.dll+0x726fb5]
V  [jvm.dll+0x7285cd]
V  [jvm.dll+0x728c83]
V  [jvm.dll+0x243278]
V  [jvm.dll+0xbc53c]
V  [jvm.dll+0xbca3c]
V  [jvm.dll+0x2b5c34]
V  [jvm.dll+0x508488]
V  [jvm.dll+0x203d53]
V  [jvm.dll+0x1fdbac]
V  [jvm.dll+0x1fb35f]
V  [jvm.dll+0x183d6c]
V  [jvm.dll+0x209a57]
V  [jvm.dll+0x2082a1]
V  [jvm.dll+0x6ef58f]
V  [jvm.dll+0x6e80b5]
V  [jvm.dll+0x5f1036]
C  [ucrtbase.dll+0x26c0c]
C  [KERNEL32.DLL+0x154e0]
C  [ntdll.dll+0x485b]


---------------  P R O C E S S  ---------------

Threads class SMR info:
_java_thread_list=0x0000023e0f57c690, length=44, elements={
0x0000023e71b1c000, 0x0000023e7d3db800, 0x0000023e7d3e9000, 0x0000023e7dd53800,
0x0000023e7dd54800, 0x0000023e7dd58000, 0x0000023e7dd5a000, 0x0000023e7dd5b800,
0x0000023e7dd62000, 0x0000023e7debf800, 0x0000023e7f583800, 0x0000023e7f795000,
0x0000023e7f8db000, 0x0000023e7f5dc800, 0x0000023e0f40a000, 0x0000023e0f0eb000,
0x0000023e0f424800, 0x0000023e0f0ea000, 0x0000023e0f088800, 0x0000023e0f0de800,
0x0000023e0f0df800, 0x0000023e0f0dc000, 0x0000023e0f0dd800, 0x0000023e0f0e1000,
0x0000023e0f0db800, 0x0000023e0f0e2000, 0x0000023e0f0e0000, 0x0000023e0f0dd000,
0x0000023e7ebe5800, 0x0000023e7ebe8000, 0x0000023e7ebe6000, 0x0000023e7ebe2000,
0x0000023e7ebe3800, 0x0000023e7ebe7000, 0x0000023e7ebe3000, 0x0000023e7ebe8800,
0x0000023e7ebe9800, 0x0000023e7ebea000, 0x0000023e7ebe4800, 0x0000023e7ebee800,
0x0000023e7ebed800, 0x0000023e7ebec000, 0x0000023e7ebec800, 0x0000023e114f6000
}

Java Threads: ( => current thread )
  0x0000023e71b1c000 JavaThread "main" [_thread_blocked, id=15176, stack(0x000000a8cfe00000,0x000000a8cff00000)]
  0x0000023e7d3db800 JavaThread "Reference Handler" daemon [_thread_blocked, id=4288, stack(0x000000a8d0500000,0x000000a8d0600000)]
  0x0000023e7d3e9000 JavaThread "Finalizer" daemon [_thread_blocked, id=25636, stack(0x000000a8d0600000,0x000000a8d0700000)]
  0x0000023e7dd53800 JavaThread "Signal Dispatcher" daemon [_thread_blocked, id=8632, stack(0x000000a8d0700000,0x000000a8d0800000)]
  0x0000023e7dd54800 JavaThread "Attach Listener" daemon [_thread_blocked, id=2412, stack(0x000000a8d0800000,0x000000a8d0900000)]
  0x0000023e7dd58000 JavaThread "Service Thread" daemon [_thread_blocked, id=18792, stack(0x000000a8d0900000,0x000000a8d0a00000)]
=>0x0000023e7dd5a000 JavaThread "C2 CompilerThread0" daemon [_thread_in_native, id=30592, stack(0x000000a8d0a00000,0x000000a8d0b00000)]
  0x0000023e7dd5b800 JavaThread "C1 CompilerThread0" daemon [_thread_blocked, id=6160, stack(0x000000a8d0b00000,0x000000a8d0c00000)]
  0x0000023e7dd62000 JavaThread "Sweeper thread" daemon [_thread_blocked, id=1880, stack(0x000000a8d0c00000,0x000000a8d0d00000)]
  0x0000023e7debf800 JavaThread "Common-Cleaner" daemon [_thread_blocked, id=12304, stack(0x000000a8d0d00000,0x000000a8d0e00000)]
  0x0000023e7f583800 JavaThread "Daemon health stats" [_thread_blocked, id=17556, stack(0x000000a8d1000000,0x000000a8d1100000)]
  0x0000023e7f795000 JavaThread "Incoming local TCP Connector on port 51149" [_thread_in_native, id=5676, stack(0x000000a8d1100000,0x000000a8d1200000)]
  0x0000023e7f8db000 JavaThread "Daemon periodic checks" [_thread_blocked, id=23764, stack(0x000000a8d1200000,0x000000a8d1300000)]
  0x0000023e7f5dc800 JavaThread "Daemon" [_thread_blocked, id=14536, stack(0x000000a8d1300000,0x000000a8d1400000)]
  0x0000023e0f40a000 JavaThread "Handler for socket connection from /127.0.0.1:51149 to /127.0.0.1:51150" [_thread_in_native, id=20980, stack(0x000000a8d1400000,0x000000a8d1500000)]
  0x0000023e0f0eb000 JavaThread "Cancel handler" [_thread_blocked, id=10688, stack(0x000000a8d1500000,0x000000a8d1600000)]
  0x0000023e0f424800 JavaThread "Daemon worker" [_thread_in_Java, id=16616, stack(0x000000a8d1600000,0x000000a8d1700000)]
  0x0000023e0f0ea000 JavaThread "Asynchronous log dispatcher for DefaultDaemonConnection: socket connection from /127.0.0.1:51149 to /127.0.0.1:51150" [_thread_blocked, id=6952, stack(0x000000a8d1700000,0x000000a8d1800000)]
  0x0000023e0f088800 JavaThread "Stdin handler" [_thread_blocked, id=8748, stack(0x000000a8d1800000,0x000000a8d1900000)]
  0x0000023e0f0de800 JavaThread "Daemon client event forwarder" [_thread_blocked, id=14392, stack(0x000000a8d1900000,0x000000a8d1a00000)]
  0x0000023e0f0df800 JavaThread "Cache worker for journal cache (C:\Users\CREATIVE FRENZY\.gradle\caches\journal-1)" [_thread_blocked, id=12940, stack(0x000000a8d2200000,0x000000a8d2300000)]
  0x0000023e0f0dc000 JavaThread "File lock request listener" [_thread_in_native, id=14880, stack(0x000000a8d2300000,0x000000a8d2400000)]
  0x0000023e0f0dd800 JavaThread "Cache worker for file hash cache (C:\Users\CREATIVE FRENZY\.gradle\caches\7.2\fileHashes)" [_thread_blocked, id=17872, stack(0x000000a8d2400000,0x000000a8d2500000)]
  0x0000023e0f0e1000 JavaThread "Cache worker for file hash cache (D:\23 JUNE 2022 KLIVE\KliveCode\.gradle\7.2\fileHashes)" [_thread_blocked, id=25716, stack(0x000000a8d2700000,0x000000a8d2800000)]
  0x0000023e0f0db800 JavaThread "File watcher server" daemon [_thread_in_native, id=15128, stack(0x000000a8d2800000,0x000000a8d2900000)]
  0x0000023e0f0e2000 JavaThread "File watcher consumer" daemon [_thread_blocked, id=26780, stack(0x000000a8d2900000,0x000000a8d2a00000)]
  0x0000023e0f0e0000 JavaThread "jar transforms" [_thread_blocked, id=28924, stack(0x000000a8d2a00000,0x000000a8d2b00000)]
  0x0000023e0f0dd000 JavaThread "jar transforms Thread 2" [_thread_blocked, id=26516, stack(0x000000a8d2b00000,0x000000a8d2c00000)]
  0x0000023e7ebe5800 JavaThread "jar transforms Thread 3" [_thread_blocked, id=29352, stack(0x000000a8d2c00000,0x000000a8d2d00000)]
  0x0000023e7ebe8000 JavaThread "jar transforms Thread 4" [_thread_blocked, id=29356, stack(0x000000a8d2d00000,0x000000a8d2e00000)]
  0x0000023e7ebe6000 JavaThread "jar transforms Thread 5" [_thread_blocked, id=14772, stack(0x000000a8d2e00000,0x000000a8d2f00000)]
  0x0000023e7ebe2000 JavaThread "jar transforms Thread 6" [_thread_blocked, id=29276, stack(0x000000a8d2f00000,0x000000a8d3000000)]
  0x0000023e7ebe3800 JavaThread "jar transforms Thread 7" [_thread_blocked, id=29052, stack(0x000000a8d3000000,0x000000a8d3100000)]
  0x0000023e7ebe7000 JavaThread "jar transforms Thread 8" [_thread_blocked, id=25916, stack(0x000000a8d3100000,0x000000a8d3200000)]
  0x0000023e7ebe3000 JavaThread "jar transforms Thread 9" [_thread_blocked, id=28544, stack(0x000000a8d3200000,0x000000a8d3300000)]
  0x0000023e7ebe8800 JavaThread "jar transforms Thread 10" [_thread_blocked, id=23284, stack(0x000000a8d3300000,0x000000a8d3400000)]
  0x0000023e7ebe9800 JavaThread "jar transforms Thread 11" [_thread_blocked, id=7720, stack(0x000000a8d3400000,0x000000a8d3500000)]
  0x0000023e7ebea000 JavaThread "jar transforms Thread 12" [_thread_blocked, id=28316, stack(0x000000a8d3500000,0x000000a8d3600000)]
  0x0000023e7ebe4800 JavaThread "Cache worker for checksums cache (D:\23 JUNE 2022 KLIVE\KliveCode\.gradle\checksums)" [_thread_blocked, id=25664, stack(0x000000a8d3700000,0x000000a8d3800000)]
  0x0000023e7ebee800 JavaThread "Cache worker for cache directory md-supplier (C:\Users\CREATIVE FRENZY\.gradle\caches\7.2\md-supplier)" [_thread_blocked, id=3852, stack(0x000000a8d3800000,0x000000a8d3900000)]
  0x0000023e7ebed800 JavaThread "Cache worker for cache directory md-rule (C:\Users\CREATIVE FRENZY\.gradle\caches\7.2\md-rule)" [_thread_blocked, id=15680, stack(0x000000a8d3900000,0x000000a8d3a00000)]
  0x0000023e7ebec000 JavaThread "Cache worker for execution history cache (C:\Users\CREATIVE FRENZY\.gradle\caches\7.2\executionHistory)" [_thread_blocked, id=30268, stack(0x000000a8d3a00000,0x000000a8d3b00000)]
  0x0000023e7ebec800 JavaThread "Cache worker for file content cache (C:\Users\CREATIVE FRENZY\.gradle\caches\7.2\fileContent)" [_thread_blocked, id=25940, stack(0x000000a8d3b00000,0x000000a8d3c00000)]
  0x0000023e114f6000 JavaThread "C2 CompilerThread1" daemon [_thread_blocked, id=22356, stack(0x000000a8d3600000,0x000000a8d3700000)]

Other Threads:
  0x0000023e7d3da000 VMThread "VM Thread" [stack: 0x000000a8d0400000,0x000000a8d0500000] [id=28196]
  0x0000023e7decf800 WatcherThread [stack: 0x000000a8d0e00000,0x000000a8d0f00000] [id=13828]
  0x0000023e71b34000 GCTaskThread "GC Thread#0" [stack: 0x000000a8cff00000,0x000000a8d0000000] [id=27128]
  0x0000023e7e9f2800 GCTaskThread "GC Thread#1" [stack: 0x000000a8d0f00000,0x000000a8d1000000] [id=2764]
  0x0000023e0f085000 GCTaskThread "GC Thread#2" [stack: 0x000000a8d1a00000,0x000000a8d1b00000] [id=4180]
  0x0000023e0f089800 GCTaskThread "GC Thread#3" [stack: 0x000000a8d1b00000,0x000000a8d1c00000] [id=30376]
  0x0000023e7f8a0000 GCTaskThread "GC Thread#4" [stack: 0x000000a8d1c00000,0x000000a8d1d00000] [id=13384]
  0x0000023e0f058800 GCTaskThread "GC Thread#5" [stack: 0x000000a8d1d00000,0x000000a8d1e00000] [id=30708]
  0x0000023e7f8a9000 GCTaskThread "GC Thread#6" [stack: 0x000000a8d1e00000,0x000000a8d1f00000] [id=29868]
  0x0000023e7f8aa000 GCTaskThread "GC Thread#7" [stack: 0x000000a8d1f00000,0x000000a8d2000000] [id=22880]
  0x0000023e7f8ab000 GCTaskThread "GC Thread#8" [stack: 0x000000a8d2000000,0x000000a8d2100000] [id=19332]
  0x0000023e7f8ae000 GCTaskThread "GC Thread#9" [stack: 0x000000a8d2100000,0x000000a8d2200000] [id=30520]
  0x0000023e71b69800 ConcurrentGCThread "G1 Main Marker" [stack: 0x000000a8d0000000,0x000000a8d0100000] [id=1156]
  0x0000023e71b6b800 ConcurrentGCThread "G1 Conc#0" [stack: 0x000000a8d0100000,0x000000a8d0200000] [id=28612]
  0x0000023e7f8cb000 ConcurrentGCThread "G1 Conc#1" [stack: 0x000000a8d2500000,0x000000a8d2600000] [id=22908]
  0x0000023e0f2fc800 ConcurrentGCThread "G1 Conc#2" [stack: 0x000000a8d2600000,0x000000a8d2700000] [id=11680]
  0x0000023e71bfe800 ConcurrentGCThread "G1 Refine#0" [stack: 0x000000a8d0200000,0x000000a8d0300000] [id=28292]
  0x0000023e7d22a800 ConcurrentGCThread "G1 Young RemSet Sampling" [stack: 0x000000a8d0300000,0x000000a8d0400000] [id=28988]

Threads with active compile tasks:
C2 CompilerThread0   9565 3726       4       org.objectweb.asm.Frame::execute (2318 bytes)

VM state:not at safepoint (normal execution)

VM Mutex/Monitor currently owned by a thread: None

Heap address: 0x0000000080000000, size: 2048 MB, Compressed Oops mode: 32-bit
Narrow klass base: 0x0000000000000000, Narrow klass shift: 3
Compressed class space size: 1073741824 Address: 0x0000000100000000

Heap:
 garbage-first heap   total 126976K, used 63589K [0x0000000080000000, 0x0000000100000000)
  region size 1024K, 31 young (31744K), 6 survivors (6144K)
 Metaspace       used 41754K, capacity 42872K, committed 43036K, reserved 1087488K
  class space    used 5344K, capacity 5731K, committed 5760K, reserved 1048576K
Heap Regions: E=young(eden), S=young(survivor), O=old, HS=humongous(starts), HC=humongous(continues), CS=collection set, F=free, A=archive, TAMS=top-at-mark-start (previous, next)
|   0|0x0000000080000000, 0x0000000080100000, 0x0000000080100000|100%| O|  |TAMS 0x0000000080100000, 0x0000000080000000| Untracked 
|   1|0x0000000080100000, 0x0000000080200000, 0x0000000080200000|100%| O|  |TAMS 0x0000000080200000, 0x0000000080100000| Untracked 
|   2|0x0000000080200000, 0x0000000080300000, 0x0000000080300000|100%| O|  |TAMS 0x0000000080300000, 0x0000000080200000| Untracked 
|   3|0x0000000080300000, 0x0000000080400000, 0x0000000080400000|100%|HS|  |TAMS 0x0000000080400000, 0x0000000080300000| Complete 
|   4|0x0000000080400000, 0x0000000080500000, 0x0000000080500000|100%|HC|  |TAMS 0x0000000080500000, 0x0000000080400000| Complete 
|   5|0x0000000080500000, 0x0000000080600000, 0x0000000080600000|100%|HC|  |TAMS 0x0000000080600000, 0x0000000080500000| Complete 
|   6|0x0000000080600000, 0x0000000080700000, 0x0000000080700000|100%| O|  |TAMS 0x0000000080700000, 0x0000000080600000| Untracked 
|   7|0x0000000080700000, 0x0000000080800000, 0x0000000080800000|100%| O|  |TAMS 0x0000000080800000, 0x0000000080700000| Untracked 
|   8|0x0000000080800000, 0x0000000080900000, 0x0000000080900000|100%| O|  |TAMS 0x0000000080900000, 0x0000000080800000| Untracked 
|   9|0x0000000080900000, 0x0000000080a00000, 0x0000000080a00000|100%| O|  |TAMS 0x0000000080a00000, 0x0000000080900000| Untracked 
|  10|0x0000000080a00000, 0x0000000080b00000, 0x0000000080b00000|100%| O|  |TAMS 0x0000000080b00000, 0x0000000080a00000| Untracked 
|  11|0x0000000080b00000, 0x0000000080c00000, 0x0000000080c00000|100%| O|  |TAMS 0x0000000080c00000, 0x0000000080b00000| Untracked 
|  12|0x0000000080c00000, 0x0000000080d00000, 0x0000000080d00000|100%| O|  |TAMS 0x0000000080d00000, 0x0000000080c00000| Untracked 
|  13|0x0000000080d00000, 0x0000000080e00000, 0x0000000080e00000|100%| O|  |TAMS 0x0000000080e00000, 0x0000000080d00000| Untracked 
|  14|0x0000000080e00000, 0x0000000080f00000, 0x0000000080f00000|100%| O|  |TAMS 0x0000000080f00000, 0x0000000080e00000| Untracked 
|  15|0x0000000080f00000, 0x0000000081000000, 0x0000000081000000|100%| O|  |TAMS 0x0000000081000000, 0x0000000080f00000| Untracked 
|  16|0x0000000081000000, 0x0000000081100000, 0x0000000081100000|100%|HS|  |TAMS 0x0000000081100000, 0x0000000081000000| Complete 
|  17|0x0000000081100000, 0x0000000081200000, 0x0000000081200000|100%|HC|  |TAMS 0x0000000081200000, 0x0000000081100000| Complete 
|  18|0x0000000081200000, 0x0000000081300000, 0x0000000081300000|100%|HS|  |TAMS 0x0000000081300000, 0x0000000081200000| Complete 
|  19|0x0000000081300000, 0x0000000081400000, 0x0000000081400000|100%|HC|  |TAMS 0x0000000081400000, 0x0000000081300000| Complete 
|  20|0x0000000081400000, 0x0000000081500000, 0x0000000081500000|100%|HC|  |TAMS 0x0000000081500000, 0x0000000081400000| Complete 
|  21|0x0000000081500000, 0x0000000081600000, 0x0000000081600000|100%|HS|  |TAMS 0x0000000081600000, 0x0000000081500000| Complete 
|  22|0x0000000081600000, 0x0000000081700000, 0x0000000081700000|100%|HC|  |TAMS 0x0000000081700000, 0x0000000081600000| Complete 
|  23|0x0000000081700000, 0x0000000081800000, 0x0000000081800000|100%|HC|  |TAMS 0x0000000081800000, 0x0000000081700000| Complete 
|  24|0x0000000081800000, 0x0000000081900000, 0x0000000081900000|100%|HC|  |TAMS 0x0000000081900000, 0x0000000081800000| Complete 
|  25|0x0000000081900000, 0x0000000081a00000, 0x0000000081a00000|100%| O|  |TAMS 0x0000000081a00000, 0x0000000081900000| Untracked 
|  26|0x0000000081a00000, 0x0000000081b00000, 0x0000000081b00000|100%| O|  |TAMS 0x0000000081b00000, 0x0000000081a00000| Untracked 
|  27|0x0000000081b00000, 0x0000000081c00000, 0x0000000081c00000|100%| O|  |TAMS 0x0000000081c00000, 0x0000000081b00000| Untracked 
|  28|0x0000000081c00000, 0x0000000081d00000, 0x0000000081d00000|100%| O|  |TAMS 0x0000000081d00000, 0x0000000081c00000| Untracked 
|  29|0x0000000081d00000, 0x0000000081e00000, 0x0000000081e00000|100%| O|  |TAMS 0x0000000081e00000, 0x0000000081d00000| Untracked 
|  30|0x0000000081e00000, 0x0000000081f00000, 0x0000000081f00000|100%| O|  |TAMS 0x0000000081f00000, 0x0000000081e00000| Untracked 
|  31|0x0000000081f00000, 0x0000000082000000, 0x0000000082000000|100%| O|  |TAMS 0x0000000082000000, 0x0000000081f00000| Untracked 
|  32|0x0000000082000000, 0x000000008208b800, 0x0000000082100000| 54%| O|  |TAMS 0x000000008208b800, 0x0000000082000000| Untracked 
|  33|0x0000000082100000, 0x0000000082100000, 0x0000000082200000|  0%| F|  |TAMS 0x0000000082100000, 0x0000000082100000| Untracked 
|  34|0x0000000082200000, 0x0000000082200000, 0x0000000082300000|  0%| F|  |TAMS 0x0000000082200000, 0x0000000082200000| Untracked 
|  35|0x0000000082300000, 0x0000000082300000, 0x0000000082400000|  0%| F|  |TAMS 0x0000000082300000, 0x0000000082300000| Untracked 
|  36|0x0000000082400000, 0x0000000082400000, 0x0000000082500000|  0%| F|  |TAMS 0x0000000082400000, 0x0000000082400000| Untracked 
|  37|0x0000000082500000, 0x0000000082500000, 0x0000000082600000|  0%| F|  |TAMS 0x0000000082500000, 0x0000000082500000| Untracked 
|  38|0x0000000082600000, 0x0000000082600000, 0x0000000082700000|  0%| F|  |TAMS 0x0000000082600000, 0x0000000082600000| Untracked 
|  39|0x0000000082700000, 0x0000000082700000, 0x0000000082800000|  0%| F|  |TAMS 0x0000000082700000, 0x0000000082700000| Untracked 
|  40|0x0000000082800000, 0x0000000082800000, 0x0000000082900000|  0%| F|  |TAMS 0x0000000082800000, 0x0000000082800000| Untracked 
|  41|0x0000000082900000, 0x0000000082900000, 0x0000000082a00000|  0%| F|  |TAMS 0x0000000082900000, 0x0000000082900000| Untracked 
|  42|0x0000000082a00000, 0x0000000082a00000, 0x0000000082b00000|  0%| F|  |TAMS 0x0000000082a00000, 0x0000000082a00000| Untracked 
|  43|0x0000000082b00000, 0x0000000082b00000, 0x0000000082c00000|  0%| F|  |TAMS 0x0000000082b00000, 0x0000000082b00000| Untracked 
|  44|0x0000000082c00000, 0x0000000082c00000, 0x0000000082d00000|  0%| F|  |TAMS 0x0000000082c00000, 0x0000000082c00000| Untracked 
|  45|0x0000000082d00000, 0x0000000082d00000, 0x0000000082e00000|  0%| F|  |TAMS 0x0000000082d00000, 0x0000000082d00000| Untracked 
|  46|0x0000000082e00000, 0x0000000082e00000, 0x0000000082f00000|  0%| F|  |TAMS 0x0000000082e00000, 0x0000000082e00000| Untracked 
|  47|0x0000000082f00000, 0x0000000082f00000, 0x0000000083000000|  0%| F|  |TAMS 0x0000000082f00000, 0x0000000082f00000| Untracked 
|  48|0x0000000083000000, 0x0000000083000000, 0x0000000083100000|  0%| F|  |TAMS 0x0000000083000000, 0x0000000083000000| Untracked 
|  49|0x0000000083100000, 0x0000000083100000, 0x0000000083200000|  0%| F|  |TAMS 0x0000000083100000, 0x0000000083100000| Untracked 
|  50|0x0000000083200000, 0x0000000083200000, 0x0000000083300000|  0%| F|  |TAMS 0x0000000083200000, 0x0000000083200000| Untracked 
|  51|0x0000000083300000, 0x0000000083300000, 0x0000000083400000|  0%| F|  |TAMS 0x0000000083300000, 0x0000000083300000| Untracked 
|  52|0x0000000083400000, 0x0000000083400000, 0x0000000083500000|  0%| F|  |TAMS 0x0000000083400000, 0x0000000083400000| Untracked 
|  53|0x0000000083500000, 0x0000000083500000, 0x0000000083600000|  0%| F|  |TAMS 0x0000000083500000, 0x0000000083500000| Untracked 
|  54|0x0000000083600000, 0x0000000083600000, 0x0000000083700000|  0%| F|  |TAMS 0x0000000083600000, 0x0000000083600000| Untracked 
|  55|0x0000000083700000, 0x0000000083700000, 0x0000000083800000|  0%| F|  |TAMS 0x0000000083700000, 0x0000000083700000| Untracked 
|  56|0x0000000083800000, 0x0000000083800000, 0x0000000083900000|  0%| F|  |TAMS 0x0000000083800000, 0x0000000083800000| Untracked 
|  57|0x0000000083900000, 0x0000000083900000, 0x0000000083a00000|  0%| F|  |TAMS 0x0000000083900000, 0x0000000083900000| Untracked 
|  58|0x0000000083a00000, 0x0000000083a00000, 0x0000000083b00000|  0%| F|  |TAMS 0x0000000083a00000, 0x0000000083a00000| Untracked 
|  59|0x0000000083b00000, 0x0000000083b00000, 0x0000000083c00000|  0%| F|  |TAMS 0x0000000083b00000, 0x0000000083b00000| Untracked 
|  60|0x0000000083c00000, 0x0000000083c00000, 0x0000000083d00000|  0%| F|  |TAMS 0x0000000083c00000, 0x0000000083c00000| Untracked 
|  61|0x0000000083d00000, 0x0000000083d00000, 0x0000000083e00000|  0%| F|  |TAMS 0x0000000083d00000, 0x0000000083d00000| Untracked 
|  62|0x0000000083e00000, 0x0000000083e00000, 0x0000000083f00000|  0%| F|  |TAMS 0x0000000083e00000, 0x0000000083e00000| Untracked 
|  63|0x0000000083f00000, 0x0000000083f00000, 0x0000000084000000|  0%| F|  |TAMS 0x0000000083f00000, 0x0000000083f00000| Untracked 
|  64|0x0000000084000000, 0x0000000084000000, 0x0000000084100000|  0%| F|  |TAMS 0x0000000084000000, 0x0000000084000000| Untracked 
|  65|0x0000000084100000, 0x0000000084100000, 0x0000000084200000|  0%| F|  |TAMS 0x0000000084100000, 0x0000000084100000| Untracked 
|  66|0x0000000084200000, 0x0000000084200000, 0x0000000084300000|  0%| F|  |TAMS 0x0000000084200000, 0x0000000084200000| Untracked 
|  67|0x0000000084300000, 0x0000000084300000, 0x0000000084400000|  0%| F|  |TAMS 0x0000000084300000, 0x0000000084300000| Untracked 
|  68|0x0000000084400000, 0x0000000084400000, 0x0000000084500000|  0%| F|  |TAMS 0x0000000084400000, 0x0000000084400000| Untracked 
|  69|0x0000000084500000, 0x0000000084500000, 0x0000000084600000|  0%| F|  |TAMS 0x0000000084500000, 0x0000000084500000| Untracked 
|  70|0x0000000084600000, 0x0000000084600000, 0x0000000084700000|  0%| F|  |TAMS 0x0000000084600000, 0x0000000084600000| Untracked 
|  71|0x0000000084700000, 0x0000000084700000, 0x0000000084800000|  0%| F|  |TAMS 0x0000000084700000, 0x0000000084700000| Untracked 
|  72|0x0000000084800000, 0x0000000084800000, 0x0000000084900000|  0%| F|  |TAMS 0x0000000084800000, 0x0000000084800000| Untracked 
|  73|0x0000000084900000, 0x0000000084900000, 0x0000000084a00000|  0%| F|  |TAMS 0x0000000084900000, 0x0000000084900000| Untracked 
|  74|0x0000000084a00000, 0x0000000084a00000, 0x0000000084b00000|  0%| F|  |TAMS 0x0000000084a00000, 0x0000000084a00000| Untracked 
|  75|0x0000000084b00000, 0x0000000084b00000, 0x0000000084c00000|  0%| F|  |TAMS 0x0000000084b00000, 0x0000000084b00000| Untracked 
|  76|0x0000000084c00000, 0x0000000084c8deb8, 0x0000000084d00000| 55%| S|CS|TAMS 0x0000000084c00000, 0x0000000084c00000| Complete 
|  77|0x0000000084d00000, 0x0000000084e00000, 0x0000000084e00000|100%| S|CS|TAMS 0x0000000084d00000, 0x0000000084d00000| Complete 
|  78|0x0000000084e00000, 0x0000000084f00000, 0x0000000084f00000|100%| S|CS|TAMS 0x0000000084e00000, 0x0000000084e00000| Complete 
|  79|0x0000000084f00000, 0x0000000085000000, 0x0000000085000000|100%| S|CS|TAMS 0x0000000084f00000, 0x0000000084f00000| Complete 
|  80|0x0000000085000000, 0x0000000085100000, 0x0000000085100000|100%| S|CS|TAMS 0x0000000085000000, 0x0000000085000000| Complete 
|  81|0x0000000085100000, 0x0000000085200000, 0x0000000085200000|100%| S|CS|TAMS 0x0000000085100000, 0x0000000085100000| Complete 
|  82|0x0000000085200000, 0x0000000085200000, 0x0000000085300000|  0%| F|  |TAMS 0x0000000085200000, 0x0000000085200000| Untracked 
|  83|0x0000000085300000, 0x0000000085300000, 0x0000000085400000|  0%| F|  |TAMS 0x0000000085300000, 0x0000000085300000| Untracked 
|  84|0x0000000085400000, 0x0000000085400000, 0x0000000085500000|  0%| F|  |TAMS 0x0000000085400000, 0x0000000085400000| Untracked 
|  85|0x0000000085500000, 0x0000000085500000, 0x0000000085600000|  0%| F|  |TAMS 0x0000000085500000, 0x0000000085500000| Untracked 
|  86|0x0000000085600000, 0x0000000085600000, 0x0000000085700000|  0%| F|  |TAMS 0x0000000085600000, 0x0000000085600000| Untracked 
|  87|0x0000000085700000, 0x0000000085700000, 0x0000000085800000|  0%| F|  |TAMS 0x0000000085700000, 0x0000000085700000| Untracked 
|  88|0x0000000085800000, 0x0000000085800000, 0x0000000085900000|  0%| F|  |TAMS 0x0000000085800000, 0x0000000085800000| Untracked 
|  89|0x0000000085900000, 0x0000000085900000, 0x0000000085a00000|  0%| F|  |TAMS 0x0000000085900000, 0x0000000085900000| Untracked 
|  90|0x0000000085a00000, 0x0000000085a00000, 0x0000000085b00000|  0%| F|  |TAMS 0x0000000085a00000, 0x0000000085a00000| Untracked 
|  91|0x0000000085b00000, 0x0000000085b00000, 0x0000000085c00000|  0%| F|  |TAMS 0x0000000085b00000, 0x0000000085b00000| Untracked 
|  92|0x0000000085c00000, 0x0000000085c00000, 0x0000000085d00000|  0%| F|  |TAMS 0x0000000085c00000, 0x0000000085c00000| Untracked 
|  93|0x0000000085d00000, 0x0000000085d00000, 0x0000000085e00000|  0%| F|  |TAMS 0x0000000085d00000, 0x0000000085d00000| Untracked 
|  94|0x0000000085e00000, 0x0000000085e00000, 0x0000000085f00000|  0%| F|  |TAMS 0x0000000085e00000, 0x0000000085e00000| Untracked 
|  95|0x0000000085f00000, 0x0000000085f00000, 0x0000000086000000|  0%| F|  |TAMS 0x0000000085f00000, 0x0000000085f00000| Untracked 
|  96|0x0000000086000000, 0x0000000086000000, 0x0000000086100000|  0%| F|  |TAMS 0x0000000086000000, 0x0000000086000000| Untracked 
|  97|0x0000000086100000, 0x0000000086100000, 0x0000000086200000|  0%| F|  |TAMS 0x0000000086100000, 0x0000000086100000| Untracked 
|  98|0x0000000086200000, 0x0000000086200000, 0x0000000086300000|  0%| F|  |TAMS 0x0000000086200000, 0x0000000086200000| Untracked 
|  99|0x0000000086300000, 0x0000000086400000, 0x0000000086400000|100%| E|  |TAMS 0x0000000086300000, 0x0000000086300000| Complete 
| 100|0x0000000086400000, 0x0000000086500000, 0x0000000086500000|100%| E|CS|TAMS 0x0000000086400000, 0x0000000086400000| Complete 
| 101|0x0000000086500000, 0x0000000086600000, 0x0000000086600000|100%| E|CS|TAMS 0x0000000086500000, 0x0000000086500000| Complete 
| 102|0x0000000086600000, 0x0000000086700000, 0x0000000086700000|100%| E|CS|TAMS 0x0000000086600000, 0x0000000086600000| Complete 
| 103|0x0000000086700000, 0x0000000086800000, 0x0000000086800000|100%| E|CS|TAMS 0x0000000086700000, 0x0000000086700000| Complete 
| 104|0x0000000086800000, 0x0000000086900000, 0x0000000086900000|100%| E|CS|TAMS 0x0000000086800000, 0x0000000086800000| Complete 
| 105|0x0000000086900000, 0x0000000086a00000, 0x0000000086a00000|100%| E|CS|TAMS 0x0000000086900000, 0x0000000086900000| Complete 
| 106|0x0000000086a00000, 0x0000000086b00000, 0x0000000086b00000|100%| E|CS|TAMS 0x0000000086a00000, 0x0000000086a00000| Complete 
| 107|0x0000000086b00000, 0x0000000086c00000, 0x0000000086c00000|100%| E|CS|TAMS 0x0000000086b00000, 0x0000000086b00000| Complete 
| 108|0x0000000086c00000, 0x0000000086d00000, 0x0000000086d00000|100%| E|CS|TAMS 0x0000000086c00000, 0x0000000086c00000| Complete 
| 109|0x0000000086d00000, 0x0000000086e00000, 0x0000000086e00000|100%| E|CS|TAMS 0x0000000086d00000, 0x0000000086d00000| Complete 
| 110|0x0000000086e00000, 0x0000000086f00000, 0x0000000086f00000|100%| E|CS|TAMS 0x0000000086e00000, 0x0000000086e00000| Complete 
| 111|0x0000000086f00000, 0x0000000087000000, 0x0000000087000000|100%| E|CS|TAMS 0x0000000086f00000, 0x0000000086f00000| Complete 
| 112|0x0000000087000000, 0x0000000087100000, 0x0000000087100000|100%| E|CS|TAMS 0x0000000087000000, 0x0000000087000000| Complete 
| 113|0x0000000087100000, 0x0000000087200000, 0x0000000087200000|100%| E|CS|TAMS 0x0000000087100000, 0x0000000087100000| Complete 
| 114|0x0000000087200000, 0x0000000087300000, 0x0000000087300000|100%| E|CS|TAMS 0x0000000087200000, 0x0000000087200000| Complete 
| 115|0x0000000087300000, 0x0000000087400000, 0x0000000087400000|100%| E|CS|TAMS 0x0000000087300000, 0x0000000087300000| Complete 
| 116|0x0000000087400000, 0x0000000087500000, 0x0000000087500000|100%| E|CS|TAMS 0x0000000087400000, 0x0000000087400000| Complete 
| 117|0x0000000087500000, 0x0000000087600000, 0x0000000087600000|100%| E|CS|TAMS 0x0000000087500000, 0x0000000087500000| Complete 
| 118|0x0000000087600000, 0x0000000087700000, 0x0000000087700000|100%| E|CS|TAMS 0x0000000087600000, 0x0000000087600000| Complete 
| 119|0x0000000087700000, 0x0000000087800000, 0x0000000087800000|100%| E|CS|TAMS 0x0000000087700000, 0x0000000087700000| Complete 
| 120|0x0000000087800000, 0x0000000087900000, 0x0000000087900000|100%| E|CS|TAMS 0x0000000087800000, 0x0000000087800000| Complete 
| 121|0x0000000087900000, 0x0000000087a00000, 0x0000000087a00000|100%| E|CS|TAMS 0x0000000087900000, 0x0000000087900000| Complete 
| 122|0x0000000087a00000, 0x0000000087b00000, 0x0000000087b00000|100%| E|CS|TAMS 0x0000000087a00000, 0x0000000087a00000| Complete 
| 123|0x0000000087b00000, 0x0000000087c00000, 0x0000000087c00000|100%| E|CS|TAMS 0x0000000087b00000, 0x0000000087b00000| Complete 

Card table byte_map: [0x0000023e75f70000,0x0000023e76370000] _byte_map_base: 0x0000023e75b70000

Marking Bits (Prev, Next): (CMBitMap*) 0x0000023e71b60a40, (CMBitMap*) 0x0000023e71b60a08
 Prev Bits: [0x0000023e78770000, 0x0000023e7a770000)
 Next Bits: [0x0000023e76770000, 0x0000023e78770000)

Polling page: 0x0000023e71300000

Metaspace:

Usage:
  Non-class:     36.27 MB capacity,    35.57 MB ( 98%) used,   616.49 KB (  2%) free+waste,   101.88 KB ( <1%) overhead. 
      Class:      5.60 MB capacity,     5.22 MB ( 93%) used,   334.10 KB (  6%) free+waste,    49.19 KB ( <1%) overhead. 
       Both:     41.87 MB capacity,    40.79 MB ( 97%) used,   950.59 KB (  2%) free+waste,   151.06 KB ( <1%) overhead. 

Virtual space:
  Non-class space:       38.00 MB reserved,      36.40 MB ( 96%) committed 
      Class space:        1.00 GB reserved,       5.63 MB ( <1%) committed 
             Both:        1.04 GB reserved,      42.03 MB (  4%) committed 

Chunk freelists:
   Non-Class:  7.00 KB
       Class:  29.00 KB
        Both:  36.00 KB

MaxMetaspaceSize: 17179869184.00 GB
CompressedClassSpaceSize: 1.00 GB

CodeHeap 'non-profiled nmethods': size=120000Kb used=1939Kb max_used=1939Kb free=118060Kb
 bounds [0x0000023e07ad0000, 0x0000023e07d40000, 0x0000023e0f000000]
CodeHeap 'profiled nmethods': size=120000Kb used=8026Kb max_used=8026Kb free=111973Kb
 bounds [0x0000023e005a0000, 0x0000023e00d80000, 0x0000023e07ad0000]
CodeHeap 'non-nmethods': size=5760Kb used=2203Kb max_used=2230Kb free=3556Kb
 bounds [0x0000023e00000000, 0x0000023e00270000, 0x0000023e005a0000]
 total_blobs=4534 nmethods=3765 adapters=680
 compilation: enabled
              stopped_count=0, restarted_count=0
 full_count=0

Compilation events (20 events):
Event: 9.506 Thread 0x0000023e7dd5b800 nmethod 3740 0x0000023e00d64690 code [0x0000023e00d648e0, 0x0000023e00d65378]
Event: 9.514 Thread 0x0000023e114f6000 nmethod 3732 0x0000023e07cb0510 code [0x0000023e07cb07a0, 0x0000023e07cb1588]
Event: 9.514 Thread 0x0000023e114f6000 3705       4       org.objectweb.asm.Symbol::<init> (38 bytes)
Event: 9.515 Thread 0x0000023e114f6000 nmethod 3705 0x0000023e07cb2110 code [0x0000023e07cb22a0, 0x0000023e07cb2578]
Event: 9.515 Thread 0x0000023e114f6000 3731       4       java.lang.reflect.Modifier::isAbstract (14 bytes)
Event: 9.515 Thread 0x0000023e114f6000 nmethod 3731 0x0000023e07cb2610 code [0x0000023e07cb27a0, 0x0000023e07cb27f8]
Event: 9.515 Thread 0x0000023e114f6000 3742       4       java.util.LinkedList$ListItr::hasNext (20 bytes)
Event: 9.515 Thread 0x0000023e114f6000 nmethod 3742 0x0000023e07cb2890 code [0x0000023e07cb2a20, 0x0000023e07cb2a98]
Event: 9.517 Thread 0x0000023e7dd5b800 3743       3       java.util.Collections$UnmodifiableMap$UnmodifiableEntrySet$1::hasNext (10 bytes)
Event: 9.517 Thread 0x0000023e7dd5b800 nmethod 3743 0x0000023e00d65610 code [0x0000023e00d657c0, 0x0000023e00d65988]
Event: 9.522 Thread 0x0000023e7dd5b800 3744       3       org.gradle.internal.reflect.MutableClassDetails::property (41 bytes)
Event: 9.523 Thread 0x0000023e7dd5b800 nmethod 3744 0x0000023e00d65a90 code [0x0000023e00d65d20, 0x0000023e00d66a98]
Event: 9.523 Thread 0x0000023e7dd5b800 3745       3       java.util.ArrayDeque::removeFirst (19 bytes)
Event: 9.523 Thread 0x0000023e7dd5b800 nmethod 3745 0x0000023e00d66e90 code [0x0000023e00d67060, 0x0000023e00d67298]
Event: 9.523 Thread 0x0000023e7dd5b800 3747       3       org.gradle.internal.instantiation.generator.AbstractClassGenerator::access$1500 (5 bytes)
Event: 9.523 Thread 0x0000023e7dd5b800 nmethod 3747 0x0000023e00d67390 code [0x0000023e00d67540, 0x0000023e00d67648]
Event: 9.523 Thread 0x0000023e7dd5b800 3748       3       org.gradle.internal.instantiation.generator.AbstractClassGenerator::isLazyAttachProperty (46 bytes)
Event: 9.524 Thread 0x0000023e7dd5b800 nmethod 3748 0x0000023e00d67710 code [0x0000023e00d67980, 0x0000023e00d683d8]
Event: 9.524 Thread 0x0000023e7dd5b800 3746       3       org.gradle.internal.instantiation.generator.AbstractClassGenerator$MethodMetadata::shouldImplement (16 bytes)
Event: 9.524 Thread 0x0000023e7dd5b800 nmethod 3746 0x0000023e00d68710 code [0x0000023e00d688c0, 0x0000023e00d68af8]

GC Heap History (14 events):
Event: 1.070 GC heap before
{Heap before GC invocations=0 (full 0):
 garbage-first heap   total 126976K, used 29696K [0x0000000080000000, 0x0000000100000000)
  region size 1024K, 24 young (24576K), 0 survivors (0K)
 Metaspace       used 10249K, capacity 10429K, committed 10624K, reserved 1058816K
  class space    used 1070K, capacity 1140K, committed 1152K, reserved 1048576K
}
Event: 1.076 GC heap after
{Heap after GC invocations=1 (full 0):
 garbage-first heap   total 126976K, used 9710K [0x0000000080000000, 0x0000000100000000)
  region size 1024K, 3 young (3072K), 3 survivors (3072K)
 Metaspace       used 10249K, capacity 10429K, committed 10624K, reserved 1058816K
  class space    used 1070K, capacity 1140K, committed 1152K, reserved 1048576K
}
Event: 3.535 GC heap before
{Heap before GC invocations=1 (full 0):
 garbage-first heap   total 126976K, used 82414K [0x0000000080000000, 0x0000000100000000)
  region size 1024K, 74 young (75776K), 3 survivors (3072K)
 Metaspace       used 17783K, capacity 18173K, committed 18432K, reserved 1064960K
  class space    used 2082K, capacity 2204K, committed 2304K, reserved 1048576K
}
Event: 3.541 GC heap after
{Heap after GC invocations=2 (full 0):
 garbage-first heap   total 126976K, used 15608K [0x0000000080000000, 0x0000000100000000)
  region size 1024K, 9 young (9216K), 9 survivors (9216K)
 Metaspace       used 17783K, capacity 18173K, committed 18432K, reserved 1064960K
  class space    used 2082K, capacity 2204K, committed 2304K, reserved 1048576K
}
Event: 4.003 GC heap before
{Heap before GC invocations=2 (full 0):
 garbage-first heap   total 126976K, used 42232K [0x0000000080000000, 0x0000000100000000)
  region size 1024K, 36 young (36864K), 9 survivors (9216K)
 Metaspace       used 20740K, capacity 21186K, committed 21296K, reserved 1069056K
  class space    used 2534K, capacity 2676K, committed 2688K, reserved 1048576K
}
Event: 4.020 GC heap after
{Heap after GC invocations=3 (full 0):
 garbage-first heap   total 126976K, used 16967K [0x0000000080000000, 0x0000000100000000)
  region size 1024K, 2 young (2048K), 2 survivors (2048K)
 Metaspace       used 20740K, capacity 21186K, committed 21296K, reserved 1069056K
  class space    used 2534K, capacity 2676K, committed 2688K, reserved 1048576K
}
Event: 6.736 GC heap before
{Heap before GC invocations=4 (full 0):
 garbage-first heap   total 126976K, used 69191K [0x0000000080000000, 0x0000000100000000)
  region size 1024K, 53 young (54272K), 2 survivors (2048K)
 Metaspace       used 26182K, capacity 26797K, committed 27008K, reserved 1073152K
  class space    used 3413K, capacity 3638K, committed 3712K, reserved 1048576K
}
Event: 6.739 GC heap after
{Heap after GC invocations=5 (full 0):
 garbage-first heap   total 126976K, used 18815K [0x0000000080000000, 0x0000000100000000)
  region size 1024K, 3 young (3072K), 3 survivors (3072K)
 Metaspace       used 26182K, capacity 26797K, committed 27008K, reserved 1073152K
  class space    used 3413K, capacity 3638K, committed 3712K, reserved 1048576K
}
Event: 8.403 GC heap before
{Heap before GC invocations=5 (full 0):
 garbage-first heap   total 126976K, used 86399K [0x0000000080000000, 0x0000000100000000)
  region size 1024K, 61 young (62464K), 3 survivors (3072K)
 Metaspace       used 31599K, capacity 32541K, committed 32768K, reserved 1077248K
  class space    used 4258K, capacity 4572K, committed 4608K, reserved 1048576K
}
Event: 8.406 GC heap after
{Heap after GC invocations=6 (full 0):
 garbage-first heap   total 126976K, used 33211K [0x0000000080000000, 0x0000000100000000)
  region size 1024K, 8 young (8192K), 8 survivors (8192K)
 Metaspace       used 31599K, capacity 32541K, committed 32768K, reserved 1077248K
  class space    used 4258K, capacity 4572K, committed 4608K, reserved 1048576K
}
Event: 8.611 GC heap before
{Heap before GC invocations=6 (full 0):
 garbage-first heap   total 126976K, used 45499K [0x0000000080000000, 0x0000000100000000)
  region size 1024K, 21 young (21504K), 8 survivors (8192K)
 Metaspace       used 34907K, capacity 35880K, committed 35968K, reserved 1081344K
  class space    used 4552K, capacity 4918K, committed 4992K, reserved 1048576K
}
Event: 8.618 GC heap after
{Heap after GC invocations=7 (full 0):
 garbage-first heap   total 126976K, used 35466K [0x0000000080000000, 0x0000000100000000)
  region size 1024K, 3 young (3072K), 3 survivors (3072K)
 Metaspace       used 34907K, capacity 35880K, committed 35968K, reserved 1081344K
  class space    used 4552K, capacity 4918K, committed 4992K, reserved 1048576K
}
Event: 8.890 GC heap before
{Heap before GC invocations=8 (full 0):
 garbage-first heap   total 126976K, used 77450K [0x0000000080000000, 0x0000000100000000)
  region size 1024K, 42 young (43008K), 3 survivors (3072K)
 Metaspace       used 39608K, capacity 40673K, committed 40988K, reserved 1085440K
  class space    used 5028K, capacity 5425K, committed 5504K, reserved 1048576K
}
Event: 8.895 GC heap after
{Heap after GC invocations=9 (full 0):
 garbage-first heap   total 126976K, used 39013K [0x0000000080000000, 0x0000000100000000)
  region size 1024K, 6 young (6144K), 6 survivors (6144K)
 Metaspace       used 39608K, capacity 40673K, committed 40988K, reserved 1085440K
  class space    used 5028K, capacity 5425K, committed 5504K, reserved 1048576K
}

Deoptimization events (20 events):
Event: 9.472 Thread 0x0000023e0f424800 Uncommon trap: trap_request=0xffffffbe fr.pc=0x0000023e07c90834 relative=0x0000000000000854
Event: 9.472 Thread 0x0000023e0f424800 Uncommon trap: reason=profile_predicate action=maybe_recompile pc=0x0000023e07c90834 method=java.lang.PublicMethods$MethodList.filter([Ljava/lang/reflect/Method;Ljava/lang/String;[Ljava/lang/Class;Z)Ljava/lang/PublicMethods$MethodList; @ 21 c2
Event: 9.472 Thread 0x0000023e0f424800 DEOPT PACKING pc=0x0000023e07c90834 sp=0x000000a8d16f5550
Event: 9.472 Thread 0x0000023e0f424800 DEOPT UNPACKING pc=0x0000023e0002662f sp=0x000000a8d16f5508 mode 2
Event: 9.472 Thread 0x0000023e0f424800 Uncommon trap: trap_request=0xffffffbe fr.pc=0x0000023e07c90834 relative=0x0000000000000854
Event: 9.472 Thread 0x0000023e0f424800 Uncommon trap: reason=profile_predicate action=maybe_recompile pc=0x0000023e07c90834 method=java.lang.PublicMethods$MethodList.filter([Ljava/lang/reflect/Method;Ljava/lang/String;[Ljava/lang/Class;Z)Ljava/lang/PublicMethods$MethodList; @ 21 c2
Event: 9.472 Thread 0x0000023e0f424800 DEOPT PACKING pc=0x0000023e07c90834 sp=0x000000a8d16f5550
Event: 9.472 Thread 0x0000023e0f424800 DEOPT UNPACKING pc=0x0000023e0002662f sp=0x000000a8d16f5508 mode 2
Event: 9.516 Thread 0x0000023e0f424800 Uncommon trap: trap_request=0xffffffc6 fr.pc=0x0000023e07c74884 relative=0x00000000000007e4
Event: 9.516 Thread 0x0000023e0f424800 Uncommon trap: reason=bimorphic_or_optimized_type_check action=maybe_recompile pc=0x0000023e07c74884 method=java.util.stream.ReferencePipeline.forEachWithCancel(Ljava/util/Spliterator;Ljava/util/stream/Sink;)Z @ 13 c2
Event: 9.516 Thread 0x0000023e0f424800 DEOPT PACKING pc=0x0000023e07c74884 sp=0x000000a8d16f5380
Event: 9.516 Thread 0x0000023e0f424800 DEOPT UNPACKING pc=0x0000023e0002662f sp=0x000000a8d16f5348 mode 2
Event: 9.516 Thread 0x0000023e0f424800 Uncommon trap: trap_request=0xffffffc6 fr.pc=0x0000023e07c74884 relative=0x00000000000007e4
Event: 9.516 Thread 0x0000023e0f424800 Uncommon trap: reason=bimorphic_or_optimized_type_check action=maybe_recompile pc=0x0000023e07c74884 method=java.util.stream.ReferencePipeline.forEachWithCancel(Ljava/util/Spliterator;Ljava/util/stream/Sink;)Z @ 13 c2
Event: 9.516 Thread 0x0000023e0f424800 DEOPT PACKING pc=0x0000023e07c74884 sp=0x000000a8d16f5380
Event: 9.516 Thread 0x0000023e0f424800 DEOPT UNPACKING pc=0x0000023e0002662f sp=0x000000a8d16f5348 mode 2
Event: 9.516 Thread 0x0000023e0f424800 Uncommon trap: trap_request=0xffffffc6 fr.pc=0x0000023e07c74884 relative=0x00000000000007e4
Event: 9.516 Thread 0x0000023e0f424800 Uncommon trap: reason=bimorphic_or_optimized_type_check action=maybe_recompile pc=0x0000023e07c74884 method=java.util.stream.ReferencePipeline.forEachWithCancel(Ljava/util/Spliterator;Ljava/util/stream/Sink;)Z @ 13 c2
Event: 9.516 Thread 0x0000023e0f424800 DEOPT PACKING pc=0x0000023e07c74884 sp=0x000000a8d16f5230
Event: 9.516 Thread 0x0000023e0f424800 DEOPT UNPACKING pc=0x0000023e0002662f sp=0x000000a8d16f51f8 mode 2

Classes redefined (0 events):
No events

Internal exceptions (20 events):
Event: 8.847 Thread 0x0000023e0f424800 Exception <a 'java/lang/ClassNotFoundException'{0x0000000085549310}: org/gradle/api/internal/project/AbstractPluginAwareCustomizer> (0x0000000085549310) thrown at [./src/hotspot/share/classfile/systemDictionary.cpp, line 231]
Event: 8.848 Thread 0x0000023e0f424800 Exception <a 'java/lang/ClassNotFoundException'{0x0000000085571448}: org/gradle/invocation/DefaultGradleCustomizer> (0x0000000085571448) thrown at [./src/hotspot/share/classfile/systemDictionary.cpp, line 231]
Event: 8.849 Thread 0x0000023e0f424800 Exception <a 'java/lang/ClassNotFoundException'{0x00000000855c6768}: org/gradle/invocation/DefaultGradle_DecoratedCustomizer> (0x00000000855c6768) thrown at [./src/hotspot/share/classfile/systemDictionary.cpp, line 231]
Event: 8.898 Thread 0x0000023e0f424800 Exception <a 'java/lang/ClassNotFoundException'{0x0000000087b5adb8}: groovy/lang/Closure$1BeanInfo> (0x0000000087b5adb8) thrown at [./src/hotspot/share/classfile/systemDictionary.cpp, line 231]
Event: 8.898 Thread 0x0000023e0f424800 Exception <a 'java/lang/ClassNotFoundException'{0x0000000087b8d7e8}: groovy/lang/ClosureBeanInfo> (0x0000000087b8d7e8) thrown at [./src/hotspot/share/classfile/systemDictionary.cpp, line 231]
Event: 8.899 Thread 0x0000023e0f424800 Exception <a 'java/lang/ClassNotFoundException'{0x0000000087bc0070}: groovy/lang/ClosureCustomizer> (0x0000000087bc0070) thrown at [./src/hotspot/share/classfile/systemDictionary.cpp, line 231]
Event: 8.900 Thread 0x0000023e0f424800 Exception <a 'java/lang/ClassNotFoundException'{0x0000000087a153c8}: groovy/lang/Closure$1Customizer> (0x0000000087a153c8) thrown at [./src/hotspot/share/classfile/systemDictionary.cpp, line 231]
Event: 8.923 Thread 0x0000023e7ebe6000 Exception <a 'sun/nio/fs/WindowsException'{0x000000008792f158}> (0x000000008792f158) thrown at [./src/hotspot/share/prims/jni.cpp, line 615]
Event: 8.950 Thread 0x0000023e7ebe6000 Exception <a 'sun/nio/fs/WindowsException'{0x00000000878ad0d0}> (0x00000000878ad0d0) thrown at [./src/hotspot/share/prims/jni.cpp, line 615]
Event: 8.951 Thread 0x0000023e7ebe6000 Exception <a 'sun/nio/fs/WindowsException'{0x00000000878ad308}> (0x00000000878ad308) thrown at [./src/hotspot/share/prims/jni.cpp, line 615]
Event: 9.435 Thread 0x0000023e0f424800 Exception <a 'java/lang/ClassNotFoundException'{0x00000000876929c8}: sync_studio_tooling2_6flrtsql92z1ovxbf1dbssx0wBeanInfo> (0x00000000876929c8) thrown at [./src/hotspot/share/classfile/systemDictionary.cpp, line 231]
Event: 9.435 Thread 0x0000023e0f424800 Exception <a 'java/lang/ClassNotFoundException'{0x000000008769ec10}: sync_studio_tooling2_6flrtsql92z1ovxbf1dbssx0wCustomizer> (0x000000008769ec10) thrown at [./src/hotspot/share/classfile/systemDictionary.cpp, line 231]
Event: 9.439 Thread 0x0000023e0f424800 Exception <a 'java/lang/ClassNotFoundException'{0x00000000875150c8}: org/gradle/internal/metaobject/ConfigureDelegateBeanInfo> (0x00000000875150c8) thrown at [./src/hotspot/share/classfile/systemDictionary.cpp, line 231]
Event: 9.440 Thread 0x0000023e0f424800 Exception <a 'java/lang/ClassNotFoundException'{0x000000008753a488}: org/gradle/internal/metaobject/ConfigureDelegateCustomizer> (0x000000008753a488) thrown at [./src/hotspot/share/classfile/systemDictionary.cpp, line 231]
Event: 9.442 Thread 0x0000023e0f424800 Exception <a 'java/lang/ClassNotFoundException'{0x00000000875af618}: org/gradle/api/internal/initialization/DefaultScriptHandlerBeanInfo> (0x00000000875af618) thrown at [./src/hotspot/share/classfile/systemDictionary.cpp, line 231]
Event: 9.442 Thread 0x0000023e0f424800 Exception <a 'java/lang/ClassNotFoundException'{0x00000000875d7780}: org/gradle/api/internal/initialization/DefaultScriptHandlerCustomizer> (0x00000000875d7780) thrown at [./src/hotspot/share/classfile/systemDictionary.cpp, line 231]
Event: 9.503 Thread 0x0000023e0f424800 Exception <a 'java/lang/ClassNotFoundException'{0x0000000086dbe510}: org/gradle/api/internal/artifacts/dsl/dependencies/DefaultDependencyHandler_DecoratedBeanInfo> (0x0000000086dbe510) thrown at [./src/hotspot/share/classfile/systemDictionary.cpp, line 231]
Event: 9.503 Thread 0x0000023e0f424800 Exception <a 'java/lang/ClassNotFoundException'{0x0000000086dfc260}: org/gradle/api/internal/artifacts/dsl/dependencies/DefaultDependencyHandlerBeanInfo> (0x0000000086dfc260) thrown at [./src/hotspot/share/classfile/systemDictionary.cpp, line 231]
Event: 9.504 Thread 0x0000023e0f424800 Exception <a 'java/lang/ClassNotFoundException'{0x0000000086c39e60}: org/gradle/api/internal/artifacts/dsl/dependencies/DefaultDependencyHandlerCustomizer> (0x0000000086c39e60) thrown at [./src/hotspot/share/classfile/systemDictionary.cpp, line 231]
Event: 9.505 Thread 0x0000023e0f424800 Exception <a 'java/lang/ClassNotFoundException'{0x0000000086ca04c0}: org/gradle/api/internal/artifacts/dsl/dependencies/DefaultDependencyHandler_DecoratedCustomizer> (0x0000000086ca04c0) thrown at [./src/hotspot/share/classfile/systemDictionary.cpp, line 231]

Events (20 events):
Event: 9.532 loading class org/gradle/api/internal/artifacts/configurations/ResolveConfigurationDependenciesBuildOperationType$Repository
Event: 9.532 loading class org/gradle/api/internal/artifacts/configurations/ResolveConfigurationDependenciesBuildOperationType$Repository done
Event: 9.532 loading class org/gradle/api/internal/artifacts/repositories/ResolutionAwareRepository
Event: 9.532 loading class org/gradle/api/internal/artifacts/repositories/ResolutionAwareRepository done
Event: 9.532 loading class org/gradle/api/internal/artifacts/repositories/ResolutionAwareRepository
Event: 9.532 loading class org/gradle/api/internal/artifacts/repositories/ResolutionAwareRepository done
Event: 9.532 loading class org/gradle/api/Transformer
Event: 9.532 loading class org/gradle/api/Transformer done
Event: 9.532 loading class org/gradle/api/internal/attributes/ImmutableAttributeContainerWithErrorMessage
Event: 9.532 loading class org/gradle/api/internal/attributes/ImmutableAttributeContainerWithErrorMessage done
Event: 9.533 loading class org/gradle/api/internal/artifacts/DefaultResolverResults
Event: 9.533 loading class org/gradle/api/internal/artifacts/DefaultResolverResults done
Event: 9.533 loading class org/gradle/api/internal/CompositeDomainObjectSet$DomainObjectCompositeCollection
Event: 9.533 loading class org/gradle/api/internal/CompositeDomainObjectSet$DomainObjectCompositeCollection done
Event: 9.534 loading class org/gradle/api/internal/CompositeDomainObjectSet$ItemIsUniqueInCompositeSpec
Event: 9.534 loading class org/gradle/api/internal/CompositeDomainObjectSet$ItemIsUniqueInCompositeSpec done
Event: 9.534 loading class org/gradle/api/internal/CompositeDomainObjectSet$ItemNotInCompositeSpec
Event: 9.534 loading class org/gradle/api/internal/CompositeDomainObjectSet$ItemNotInCompositeSpec done
Event: 9.534 loading class org/gradle/api/internal/CompositeDomainObjectSet$1
Event: 9.534 loading class org/gradle/api/internal/CompositeDomainObjectSet$1 done


Dynamic libraries:
0x00007ff79a1e0000 - 0x00007ff79a1ea000 	C:\Program Files\Android\Android Studio\jre\bin\java.exe
0x00007ff9af000000 - 0x00007ff9af209000 	C:\Windows\SYSTEM32\ntdll.dll
0x00007ff9aec10000 - 0x00007ff9aeccd000 	C:\Windows\System32\KERNEL32.DLL
0x00007ff9ac9f0000 - 0x00007ff9acd69000 	C:\Windows\System32\KERNELBASE.dll
0x00007ff9ac4e0000 - 0x00007ff9ac5f1000 	C:\Windows\System32\ucrtbase.dll
0x00007ff972200000 - 0x00007ff972217000 	C:\Program Files\Android\Android Studio\jre\bin\VCRUNTIME140.dll
0x00007ff972220000 - 0x00007ff972239000 	C:\Program Files\Android\Android Studio\jre\bin\jli.dll
0x00007ff9adaa0000 - 0x00007ff9adc4c000 	C:\Windows\System32\USER32.dll
0x00007ff9ac9c0000 - 0x00007ff9ac9e6000 	C:\Windows\System32\win32u.dll
0x00007ff995b50000 - 0x00007ff995df5000 	C:\Windows\WinSxS\amd64_microsoft.windows.common-controls_6595b64144ccf1df_6.0.22000.120_none_9d947278b86cc467\COMCTL32.dll
0x00007ff9aee20000 - 0x00007ff9aee49000 	C:\Windows\System32\GDI32.dll
0x00007ff9adf90000 - 0x00007ff9ae033000 	C:\Windows\System32\msvcrt.dll
0x00007ff9acd70000 - 0x00007ff9ace82000 	C:\Windows\System32\gdi32full.dll
0x00007ff9ac920000 - 0x00007ff9ac9bd000 	C:\Windows\System32\msvcp_win.dll
0x00007ff9addf0000 - 0x00007ff9ade21000 	C:\Windows\System32\IMM32.DLL
0x00007ff972160000 - 0x00007ff9721fd000 	C:\Program Files\Android\Android Studio\jre\bin\msvcp140.dll
0x00007ff937150000 - 0x00007ff937c25000 	C:\Program Files\Android\Android Studio\jre\bin\server\jvm.dll
0x00007ff9ae9c0000 - 0x00007ff9aea6e000 	C:\Windows\System32\ADVAPI32.dll
0x00007ff9aef20000 - 0x00007ff9aefbe000 	C:\Windows\System32\sechost.dll
0x00007ff9aeaf0000 - 0x00007ff9aec10000 	C:\Windows\System32\RPCRT4.dll
0x00007ff9adc50000 - 0x00007ff9adc58000 	C:\Windows\System32\PSAPI.DLL
0x00007ff99ee30000 - 0x00007ff99ee3a000 	C:\Windows\SYSTEM32\VERSION.dll
0x00007ff99de30000 - 0x00007ff99de63000 	C:\Windows\SYSTEM32\WINMM.dll
0x00007ff981f80000 - 0x00007ff981f89000 	C:\Windows\SYSTEM32\WSOCK32.dll
0x00007ff9ada30000 - 0x00007ff9ada9f000 	C:\Windows\System32\WS2_32.dll
0x00007ff9ab6d0000 - 0x00007ff9ab6e8000 	C:\Windows\SYSTEM32\kernel.appcore.dll
0x00007ff94c3e0000 - 0x00007ff94c3f1000 	C:\Program Files\Android\Android Studio\jre\bin\verify.dll
0x00007ff9a3ce0000 - 0x00007ff9a3f01000 	C:\Windows\SYSTEM32\DBGHELP.DLL
0x00007ff999c40000 - 0x00007ff999c71000 	C:\Windows\SYSTEM32\dbgcore.DLL
0x00007ff9ac600000 - 0x00007ff9ac67f000 	C:\Windows\System32\bcryptPrimitives.dll
0x00007ff94c3b0000 - 0x00007ff94c3d9000 	C:\Program Files\Android\Android Studio\jre\bin\java.dll
0x00007ff9816c0000 - 0x00007ff9816cb000 	C:\Program Files\Android\Android Studio\jre\bin\jimage.dll
0x00007ff94c390000 - 0x00007ff94c3a8000 	C:\Program Files\Android\Android Studio\jre\bin\zip.dll
0x00007ff9ae200000 - 0x00007ff9ae9b8000 	C:\Windows\System32\SHELL32.dll
0x00007ff9aa620000 - 0x00007ff9aae87000 	C:\Windows\SYSTEM32\windows.storage.dll
0x00007ff9ad630000 - 0x00007ff9ad9a9000 	C:\Windows\System32\combase.dll
0x00007ff9aa4b0000 - 0x00007ff9aa616000 	C:\Windows\SYSTEM32\wintypes.dll
0x00007ff9aecd0000 - 0x00007ff9aedba000 	C:\Windows\System32\SHCORE.dll
0x00007ff9aedc0000 - 0x00007ff9aee1d000 	C:\Windows\System32\shlwapi.dll
0x00007ff9ac410000 - 0x00007ff9ac431000 	C:\Windows\SYSTEM32\profapi.dll
0x00007ff94c370000 - 0x00007ff94c38a000 	C:\Program Files\Android\Android Studio\jre\bin\net.dll
0x00007ff9a5c00000 - 0x00007ff9a5d0c000 	C:\Windows\SYSTEM32\WINHTTP.dll
0x00007ff9abb00000 - 0x00007ff9abb67000 	C:\Windows\system32\mswsock.dll
0x00007ff94c350000 - 0x00007ff94c364000 	C:\Program Files\Android\Android Studio\jre\bin\nio.dll
0x00007ff975ef0000 - 0x00007ff975f17000 	C:\Users\CREATIVE FRENZY\.gradle\native\e1d6ef7f7dcc3fd88c89a11ec53ec762bb8ba0a96d01ffa2cd45eb1d1d8dd5c5\windows-amd64\native-platform.dll
0x00007ff968ed0000 - 0x00007ff969014000 	C:\Users\CREATIVE FRENZY\.gradle\native\5664cfc778a61ccfe75a443a1ab52a65af34e5dc3c78e0209fed803814484fcb\windows-amd64\native-platform-file-events.dll
0x00007ff980e50000 - 0x00007ff980e5a000 	C:\Program Files\Android\Android Studio\jre\bin\management.dll
0x00007ff97a4f0000 - 0x00007ff97a4fd000 	C:\Program Files\Android\Android Studio\jre\bin\management_ext.dll
0x00007ff9abd50000 - 0x00007ff9abd68000 	C:\Windows\SYSTEM32\CRYPTSP.dll
0x00007ff9ab630000 - 0x00007ff9ab665000 	C:\Windows\system32\rsaenh.dll
0x00007ff9abbf0000 - 0x00007ff9abc19000 	C:\Windows\SYSTEM32\USERENV.dll
0x00007ff9abec0000 - 0x00007ff9abee7000 	C:\Windows\SYSTEM32\bcrypt.dll
0x00007ff9abd40000 - 0x00007ff9abd4c000 	C:\Windows\SYSTEM32\CRYPTBASE.dll
0x00007ff9ab200000 - 0x00007ff9ab22d000 	C:\Windows\SYSTEM32\IPHLPAPI.DLL
0x00007ff9adf80000 - 0x00007ff9adf89000 	C:\Windows\System32\NSI.dll
0x00007ff9a6580000 - 0x00007ff9a6599000 	C:\Windows\SYSTEM32\dhcpcsvc6.DLL
0x00007ff9a65d0000 - 0x00007ff9a65ee000 	C:\Windows\SYSTEM32\dhcpcsvc.DLL
0x00007ff9ab230000 - 0x00007ff9ab318000 	C:\Windows\SYSTEM32\DNSAPI.dll

dbghelp: loaded successfully - version: 4.0.5 - missing functions: none
symbol engine: initialized successfully - sym options: 0x614 - pdb path: .;C:\Program Files\Android\Android Studio\jre\bin;C:\Windows\SYSTEM32;C:\Windows\WinSxS\amd64_microsoft.windows.common-controls_6595b64144ccf1df_6.0.22000.120_none_9d947278b86cc467;C:\Program Files\Android\Android Studio\jre\bin\server;C:\Users\CREATIVE FRENZY\.gradle\native\e1d6ef7f7dcc3fd88c89a11ec53ec762bb8ba0a96d01ffa2cd45eb1d1d8dd5c5\windows-amd64;C:\Users\CREATIVE FRENZY\.gradle\native\5664cfc778a61ccfe75a443a1ab52a65af34e5dc3c78e0209fed803814484fcb\windows-amd64

VM Arguments:
jvm_args: --add-opens=java.base/java.util=ALL-UNNAMED --add-opens=java.base/java.lang=ALL-UNNAMED --add-opens=java.base/java.lang.invoke=ALL-UNNAMED --add-opens=java.base/java.util=ALL-UNNAMED --add-opens=java.prefs/java.util.prefs=ALL-UNNAMED --add-opens=java.prefs/java.util.prefs=ALL-UNNAMED --add-opens=java.base/java.nio.charset=ALL-UNNAMED --add-opens=java.base/java.net=ALL-UNNAMED --add-opens=java.base/java.util.concurrent.atomic=ALL-UNNAMED -Xmx2048M -Dfile.encoding=windows-1252 -Duser.country=IN -Duser.language=en -Duser.variant 
java_command: org.gradle.launcher.daemon.bootstrap.GradleDaemon 7.2
java_class_path (initial): C:\Users\CREATIVE FRENZY\.gradle\wrapper\dists\gradle-7.2-bin\2dnblmf4td7x66yl1d74lt32g\gradle-7.2\lib\gradle-launcher-7.2.jar
Launcher Type: SUN_STANDARD

[Global flags]
     intx CICompilerCount                          = 4                                         {product} {ergonomic}
     uint ConcGCThreads                            = 3                                         {product} {ergonomic}
     uint G1ConcRefinementThreads                  = 10                                        {product} {ergonomic}
   size_t G1HeapRegionSize                         = 1048576                                   {product} {ergonomic}
    uintx GCDrainStackTargetSize                   = 64                                        {product} {ergonomic}
   size_t InitialHeapSize                          = 130023424                                 {product} {ergonomic}
   size_t MarkStackSize                            = 4194304                                   {product} {ergonomic}
   size_t MaxHeapSize                              = 2147483648                                {product} {command line}
   size_t MaxNewSize                               = 1287651328                                {product} {ergonomic}
   size_t MinHeapDeltaBytes                        = 1048576                                   {product} {ergonomic}
    uintx NonNMethodCodeHeapSize                   = 5836300                                {pd product} {ergonomic}
    uintx NonProfiledCodeHeapSize                  = 122910970                              {pd product} {ergonomic}
    uintx ProfiledCodeHeapSize                     = 122910970                              {pd product} {ergonomic}
    uintx ReservedCodeCacheSize                    = 251658240                              {pd product} {ergonomic}
     bool SegmentedCodeCache                       = true                                      {product} {ergonomic}
     bool UseCompressedClassPointers               = true                                 {lp64_product} {ergonomic}
     bool UseCompressedOops                        = true                                 {lp64_product} {ergonomic}
     bool UseG1GC                                  = true                                      {product} {ergonomic}
     bool UseLargePagesIndividualAllocation        = false                                  {pd product} {ergonomic}

Logging:
Log output configuration:
 #0: stdout all=warning uptime,level,tags
 #1: stderr all=off uptime,level,tags

Environment Variables:
PATH=C:\Windows\system32;C:\Windows;C:\Windows\System32\Wbem;C:\Windows\System32\WindowsPowerShell\v1.0\;C:\Windows\System32\OpenSSH\;C:\Program Files\dotnet\;C:\Program Files\Git\cmd;C:\Users\CREATIVE FRENZY\AppData\Local\Microsoft\WindowsApps;
USERNAME=CREATIVE FRENZY
OS=Windows_NT
PROCESSOR_IDENTIFIER=Intel64 Family 6 Model 151 Stepping 2, GenuineIntel



---------------  S Y S T E M  ---------------

OS: Windows 10 , 64 bit Build 22000 (10.0.22000.708)
OS uptime: 0 days 0:28 hours

CPU:total 12 (initial active 12) (6 cores per cpu, 2 threads per core) family 6 model 151 stepping 2 microcode 0x15, cmov, cx8, fxsr, mmx, sse, sse2, sse3, ssse3, sse4.1, sse4.2, popcnt, avx, avx2, aes, clmul, erms, 3dnowpref, lzcnt, ht, tsc, tscinvbit, bmi1, bmi2, adx, sha, fma

Memory: 4k page, system-wide physical 7880M (486M free)
TotalPageFile size 32456M (AvailPageFile size 6M)
current process WorkingSet (physical memory assigned to process): 255M, peak: 255M
current process commit charge ("private bytes"): 304M, peak: 304M

vm_info: OpenJDK 64-Bit Server VM (11.0.11+9-b60-7590822) for windows-amd64 JRE (11.0.11+9-b60-7590822), built on Jul 29 2021 21:43:44 by "builder" with MS VC++ 14.0 (VS2015)

END.
